TN:
SF:resources/js/utils/entryStatus.js
FN:21,entryStatusLabel
FN:29,entryStatusClass
FN:37,riskLevel
FNF:3
FNH:3
FNDA:6,entryStatusLabel
FNDA:4,entryStatusClass
FNDA:5,riskLevel
DA:1,1
DA:2,1
DA:3,1
DA:4,1
DA:5,1
DA:6,1
DA:7,1
DA:8,1
DA:9,1
DA:11,1
DA:12,1
DA:13,1
DA:14,1
DA:15,1
DA:16,1
DA:17,1
DA:18,1
DA:19,1
DA:21,1
DA:22,6
DA:23,2
DA:24,2
DA:26,6
DA:27,6
DA:29,1
DA:30,4
DA:31,1
DA:32,1
DA:34,4
DA:35,4
DA:37,1
DA:38,5
DA:39,1
DA:40,1
DA:42,4
DA:43,5
DA:44,1
DA:45,1
DA:47,5
DA:48,1
DA:49,1
DA:51,5
DA:52,1
DA:53,1
DA:55,1
DA:56,1
LF:46
LH:46
BRDA:21,0,0,6
BRDA:22,1,0,5
BRDA:22,2,0,5
BRDA:22,3,0,2
BRDA:24,4,0,4
BRDA:26,5,0,1
BRDA:29,6,0,4
BRDA:30,7,0,3
BRDA:30,8,0,1
BRDA:32,9,0,3
BRDA:34,10,0,1
BRDA:37,11,0,5
BRDA:38,12,0,4
BRDA:38,13,0,1
BRDA:40,14,0,4
BRDA:43,15,0,1
BRDA:45,16,0,3
BRDA:47,17,0,1
BRDA:49,18,0,2
BRDA:51,19,0,1
BRF:20
BRH:20
end_of_record
TN:
SF:resources/js/utils/pwa.js
FN:1,isServiceWorkerSupported
FN:9,registerProductionServiceWorker
FNF:2
FNH:2
FNDA:6,isServiceWorkerSupported
FNDA:4,registerProductionServiceWorker
DA:1,1
DA:2,6
DA:3,6
DA:4,6
DA:5,5
DA:6,6
DA:7,6
DA:9,1
DA:10,4
DA:11,4
DA:12,4
DA:13,4
DA:14,4
DA:15,2
DA:16,2
DA:18,2
DA:19,2
DA:20,1
DA:21,1
DA:22,1
DA:23,1
DA:24,4
LF:22
LH:22
BRDA:1,0,0,6
BRDA:3,1,0,5
BRDA:4,2,0,5
BRDA:9,3,0,4
BRDA:14,4,0,3
BRDA:14,5,0,2
BRDA:19,6,0,1
BRF:7
BRH:7
end_of_record
